[09:05:50] 🔄 Git pull
fatal: unable to access 'https://github.com/komelio/ating.git/': Recv failure: Connection reset by peer
[09:08:32] 📊 数据刷新
==================================================
  V3.1 Dashboard — Data Refresh
==================================================

📥 Step 1/2: Scraping → SQLite
📊 大盘指数... 3条 ✓
📈 个股行情... 23只 ✓
📊 PE 补充... 23只 ✓ (常量)
💰 持仓快照 ✓
✅ 采集完成


📤 Step 2/2: SQLite → JSON

✅ All done. JSON files ready in v3-dashboard/data/
[09:09:43] 📤 Git commit
[15:01:17] 🔄 Git pull
From https://github.com/komelio/ating
 * branch            main       -> FETCH_HEAD
Current branch main is up to date.
[15:01:18] 📊 数据刷新
==================================================
  V3.1 Dashboard — Data Refresh
==================================================

📥 Step 1/2: Scraping → SQLite
📊 大盘指数... 3条 ✓
📈 个股行情... 23只 ✓
📊 PE 补充... 23只 ✓ (常量)
💰 持仓快照 ✓
✅ 采集完成


📤 Step 2/2: SQLite → JSON

✅ All done. JSON files ready in v3-dashboard/data/
[15:01:25] 📤 Git commit
[main d5da62d] 📊 数据刷新 2026-05-12 15:01
 10 files changed, 8 insertions(+), 8 deletions(-)
 create mode 100644 v3-dashboard/data/market.db-shm
 create mode 100644 v3-dashboard/data/market.db-wal
fatal: unable to access 'https://github.com/komelio/ating.git/': Failed to connect to github.com port 443 after 75002 ms: Couldn't connect to server
[15:02:40] ✅ 推送完成 → https://komelio.github.io/ating/v3-dashboard/index.html

[15:10:51] 🔄 Git pull
From https://github.com/komelio/ating
 * branch            main       -> FETCH_HEAD
Already up to date.
[15:10:52] 📊 数据刷新
==================================================
  V3.1 Dashboard — Data Refresh
==================================================

📥 Step 1/2: Scraping → SQLite
📊 大盘指数... 3条 ✓
📈 个股行情... 23只 ✓
📊 PE 补充... 23只 ✓ (常量)
💰 持仓快照 ✓
✅ 采集完成


📤 Step 2/2: SQLite → JSON

✅ All done. JSON files ready in v3-dashboard/data/
[15:10:59] 📤 Git commit
[main f26b1b8] 📊 数据刷新 2026-05-12 15:10
 8 files changed, 8 insertions(+), 8 deletions(-)
To https://github.com/komelio/ating.git
   7c4651b..f26b1b8  main -> main
[15:11:01] ✅ 推送完成 → https://komelio.github.io/ating/v3-dashboard/index.html

[15:22:30] 🔄 Git pull
fatal: unable to access 'https://github.com/komelio/ating.git/': Failed to connect to github.com port 443 after 75003 ms: Couldn't connect to server
[15:23:45] 📊 数据刷新
==================================================
  V3.1 Dashboard — Data Refresh
==================================================

📥 Step 1/2: Scraping → SQLite
📊 大盘指数... 3条 ✓
📈 个股行情... 23只 ✓
📊 PE 补充... 23只 ✓ (常量)
💰 持仓快照 ✓
✅ 采集完成


📤 Step 2/2: SQLite → JSON

✅ All done. JSON files ready in v3-dashboard/data/
[15:23:52] 📤 Git commit
[main f72d97a] 📊 数据刷新 2026-05-12 15:23
 8 files changed, 8 insertions(+), 8 deletions(-)
To https://github.com/komelio/ating.git
 ! [rejected]        main -> main (fetch first)
error: failed to push some refs to 'https://github.com/komelio/ating.git'
hint: Updates were rejected because the remote contains work that you do not
hint: have locally. This is usually caused by another repository pushing to
hint: the same ref. If you want to integrate the remote changes, use
hint: 'git pull' before pushing again.
hint: See the 'Note about fast-forwards' in 'git push --help' for details.
[15:23:53] ✅ 推送完成 → https://komelio.github.io/ating/v3-dashboard/index.html

[15:30:19] 🔄 Git pull
From https://github.com/komelio/ating
 * branch            main       -> FETCH_HEAD
Already up to date.
[15:30:21] 📊 数据刷新
==================================================
  V3.1 Dashboard — Data Refresh
==================================================

📥 Step 1/2: Scraping → SQLite
📊 大盘指数... 3条 ✓
📈 个股行情... 23只 ✓
📊 PE 补充... 23只 ✓ (常量)
💰 持仓快照 ✓
✅ 采集完成


📤 Step 2/2: SQLite → JSON

✅ All done. JSON files ready in v3-dashboard/data/
[15:30:31] 📤 Git commit
[main c22586e] 📊 数据刷新 2026-05-12 15:30
 8 files changed, 8 insertions(+), 8 deletions(-)
To https://github.com/komelio/ating.git
   00afe34..c22586e  main -> main
[15:30:34] ✅ 推送完成 → https://komelio.github.io/ating/v3-dashboard/index.html

