[2026-05-11 14:00:01] 📊 抓取数据...
[2026-05-11 14:00:05] 🔄 同步到Git...
From https://github.com/komelio/ating
 * branch            main       -> FETCH_HEAD
Already up to date.
[main 505690c] 📊 数据刷新 2026-05-11 14:00
 3 files changed, 52 insertions(+), 52 deletions(-)
To https://github.com/komelio/ating.git
 ! [rejected]        main -> main (fetch first)
error: failed to push some refs to 'https://github.com/komelio/ating.git'
hint: Updates were rejected because the remote contains work that you do not
hint: have locally. This is usually caused by another repository pushing to
hint: the same ref. If you want to integrate the remote changes, use
hint: 'git pull' before pushing again.
hint: See the 'Note about fast-forwards' in 'git push --help' for details.
[2026-05-11 14:00:08] ✅ 推送完成
[2026-05-11 14:05:03] 📊 抓取数据...
[2026-05-11 14:05:04] 🔄 同步到Git...
From https://github.com/komelio/ating
 * branch            main       -> FETCH_HEAD
   ad4c504..a42b98b  main       -> origin/main
Rebasing (1/1)Successfully rebased and updated refs/heads/main.
[main 8e69a70] 📊 数据刷新 2026-05-11 14:05
 3 files changed, 55 insertions(+), 55 deletions(-)
To https://github.com/komelio/ating.git
   a42b98b..8e69a70  main -> main
[2026-05-11 14:05:08] ✅ 推送完成
[2026-05-11 14:10:01] 📊 抓取数据...
[2026-05-11 14:10:02] 🔄 同步到Git...
From https://github.com/komelio/ating
 * branch            main       -> FETCH_HEAD
Already up to date.
[main b04da37] 📊 数据刷新 2026-05-11 14:10
 3 files changed, 47 insertions(+), 47 deletions(-)
To https://github.com/komelio/ating.git
   8e69a70..b04da37  main -> main
[2026-05-11 14:10:06] ✅ 推送完成
[2026-05-11 14:15:00] 📊 抓取数据...
[2026-05-11 14:15:01] 🔄 同步到Git...
From https://github.com/komelio/ating
 * branch            main       -> FETCH_HEAD
Already up to date.
[main fc4cba0] 📊 数据刷新 2026-05-11 14:15
 3 files changed, 55 insertions(+), 55 deletions(-)
To https://github.com/komelio/ating.git
   b04da37..fc4cba0  main -> main
[2026-05-11 14:15:06] ✅ 推送完成
[2026-05-11 14:20:04] 📊 抓取数据...
[2026-05-11 14:20:05] 🔄 同步到Git...
From https://github.com/komelio/ating
 * branch            main       -> FETCH_HEAD
   fc4cba0..ceaaf92  main       -> origin/main
Updating fc4cba0..ceaaf92
Fast-forward
 portfolio/data/index_history.json | 2 +-
 portfolio/data/indices.json       | 2 +-
 portfolio/data/portfolio.json     | 2 +-
 portfolio/data/stocks.json        | 2 +-
 portfolio/data/updated.json       | 2 +-
 5 files changed, 5 insertions(+), 5 deletions(-)
[main cc4f6ba] 📊 数据刷新 2026-05-11 14:20
 3 files changed, 51 insertions(+), 51 deletions(-)
To https://github.com/komelio/ating.git
   ceaaf92..cc4f6ba  main -> main
[2026-05-11 14:20:09] ✅ 推送完成
[2026-05-11 14:25:02] 📊 抓取数据...
[2026-05-11 14:25:03] 🔄 同步到Git...
From https://github.com/komelio/ating
 * branch            main       -> FETCH_HEAD
Already up to date.
[main 4a3454e] 📊 数据刷新 2026-05-11 14:25
 3 files changed, 61 insertions(+), 61 deletions(-)
To https://github.com/komelio/ating.git
   8e314a7..4a3454e  main -> main
[2026-05-11 14:25:07] ✅ 推送完成
[2026-05-11 14:30:00] 📊 抓取数据...
[2026-05-11 14:30:02] 🔄 同步到Git...
From https://github.com/komelio/ating
 * branch            main       -> FETCH_HEAD
Already up to date.
[main 5a3993f] 📊 数据刷新 2026-05-11 14:30
 3 files changed, 59 insertions(+), 59 deletions(-)
To https://github.com/komelio/ating.git
   4a3454e..5a3993f  main -> main
[2026-05-11 14:30:06] ✅ 推送完成
[2026-05-11 14:35:00] 📊 抓取数据...
[2026-05-11 14:35:01] 🔄 同步到Git...
From https://github.com/komelio/ating
 * branch            main       -> FETCH_HEAD
   5a3993f..e31c4b4  main       -> origin/main
Updating 5a3993f..e31c4b4
Fast-forward
 portfolio/data/index_history.json |  2 +-
 portfolio/data/indices.json       |  2 +-
 portfolio/data/news.json          |  2 +-
 portfolio/data/portfolio.json     |  2 +-
 portfolio/data/stocks.json        |  2 +-
 portfolio/data/updated.json       |  2 +-
 portfolio/index.html              | 33 ++++++++++++++++++++++++++++----
 v3-dashboard/index.html           | 40 +++++++++++++++++++++++++++++++++++++--
 8 files changed, 73 insertions(+), 12 deletions(-)
[main f77d8cd] 📊 数据刷新 2026-05-11 14:35
 3 files changed, 186 insertions(+), 186 deletions(-)
To https://github.com/komelio/ating.git
   e31c4b4..f77d8cd  main -> main
[2026-05-11 14:35:07] ✅ 推送完成
[2026-05-11 14:40:01] 📊 抓取数据...
[2026-05-11 14:40:03] 🔄 同步到Git...
From https://github.com/komelio/ating
 * branch            main       -> FETCH_HEAD
Already up to date.
[main ac4686d] 📊 数据刷新 2026-05-11 14:40
 15 files changed, 197 insertions(+), 65 deletions(-)
 create mode 100644 stock-dashboard/data/history/002594.json
 create mode 100644 stock-dashboard/data/history/300750.json
 create mode 100644 stock-dashboard/data/history/600519.json
 create mode 100644 stock-dashboard/data/history/600941.json
 create mode 100644 stock-dashboard/data/history/601288.json
 create mode 100644 stock-dashboard/data/history/601318.json
 create mode 100644 stock-dashboard/data/history/601398.json
 create mode 100644 stock-dashboard/data/history/601857.json
 create mode 100644 stock-dashboard/data/history/601939.json
 create mode 100644 stock-dashboard/data/history/601988.json
 create mode 100644 stock-dashboard/data/review.json
To https://github.com/komelio/ating.git
   f77d8cd..ac4686d  main -> main
[2026-05-11 14:40:09] ✅ 推送完成
[2026-05-11 14:45:00] 📊 抓取数据...
[2026-05-11 14:45:03] 🔄 同步到Git...
From https://github.com/komelio/ating
 * branch            main       -> FETCH_HEAD
   ac4686d..af59e05  main       -> origin/main
Updating ac4686d..af59e05
Fast-forward
 v3-dashboard/index.html | 22 ++++++++++++++--------
 1 file changed, 14 insertions(+), 8 deletions(-)
[main 21c2076] 📊 数据刷新 2026-05-11 14:45
 27 files changed, 163 insertions(+), 81 deletions(-)
 create mode 100644 stock-dashboard/data/history/000400.json
 create mode 100644 stock-dashboard/data/history/000429.json
 create mode 100644 stock-dashboard/data/history/000858.json
 create mode 100644 stock-dashboard/data/history/002050.json
 create mode 100644 stock-dashboard/data/history/300308.json
 create mode 100644 stock-dashboard/data/history/600036.json
 create mode 100644 stock-dashboard/data/history/600406.json
 create mode 100644 stock-dashboard/data/history/600501.json
 create mode 100644 stock-dashboard/data/history/600900.json
 create mode 100644 stock-dashboard/data/history/601088.json
 create mode 100644 stock-dashboard/data/history/601689.json
 create mode 100644 stock-dashboard/data/history/688041.json
 create mode 100644 stock-dashboard/data/history/688256.json
To https://github.com/komelio/ating.git
   af59e05..21c2076  main -> main
[2026-05-11 14:45:09] ✅ 推送完成
[2026-05-11 14:50:05] 📊 抓取数据...
[2026-05-11 14:50:06] 🔄 同步到Git...
From https://github.com/komelio/ating
 * branch            main       -> FETCH_HEAD
   21c2076..db27095  main       -> origin/main
Updating 21c2076..db27095
Fast-forward
 portfolio/data/analysis_log.json     |  2 +-
 portfolio/data/history/sh600406.json |  1 +
 portfolio/data/history/sh600501.json |  1 +
 portfolio/data/history/sh600519.json |  1 +
 portfolio/data/history/sh600760.json |  1 +
 portfolio/data/history/sh600893.json |  1 +
 portfolio/data/history/sh600900.json |  1 +
 portfolio/data/history/sh600941.json |  1 +
 portfolio/data/history/sh601088.json |  1 +
 portfolio/data/history/sh601398.json |  1 +
 portfolio/data/history/sh601689.json |  1 +
 portfolio/data/history/sh688012.json |  1 +
 portfolio/data/history/sh688041.json |  1 +
 portfolio/data/history/sh688256.json |  1 +
 portfolio/data/history/sz000858.json |  1 +
 portfolio/data/history/sz002050.json |  1 +
 portfolio/data/history/sz002085.json |  1 +
 portfolio/data/history/sz002371.json |  1 +
 portfolio/data/history/sz300308.json |  1 +
 portfolio/data/index_history.json    |  2 +-
 portfolio/data/indices.json          |  2 +-
 portfolio/data/portfolio.json        |  2 +-
 portfolio/data/stocks.json           |  2 +-
 portfolio/data/updated.json          |  2 +-
 portfolio/index.html                 | 76 ++++++++++++++++++++++++++++++++++--
 v3-dashboard/index.html              |  2 +-
 26 files changed, 98 insertions(+), 10 deletions(-)
 create mode 100644 portfolio/data/history/sh600406.json
 create mode 100644 portfolio/data/history/sh600501.json
 create mode 100644 portfolio/data/history/sh600519.json
 create mode 100644 portfolio/data/history/sh600760.json
 create mode 100644 portfolio/data/history/sh600893.json
 create mode 100644 portfolio/data/history/sh600900.json
 create mode 100644 portfolio/data/history/sh600941.json
 create mode 100644 portfolio/data/history/sh601088.json
 create mode 100644 portfolio/data/history/sh601398.json
 create mode 100644 portfolio/data/history/sh601689.json
 create mode 100644 portfolio/data/history/sh688012.json
 create mode 100644 portfolio/data/history/sh688041.json
 create mode 100644 portfolio/data/history/sh688256.json
 create mode 100644 portfolio/data/history/sz000858.json
 create mode 100644 portfolio/data/history/sz002050.json
 create mode 100644 portfolio/data/history/sz002085.json
 create mode 100644 portfolio/data/history/sz002371.json
 create mode 100644 portfolio/data/history/sz300308.json
[main a719497] 📊 数据刷新 2026-05-11 14:50
 4 files changed, 71 insertions(+), 69 deletions(-)
To https://github.com/komelio/ating.git
   db27095..a719497  main -> main
[2026-05-11 14:50:12] ✅ 推送完成
[2026-05-11 14:55:00] 📊 抓取数据...
[2026-05-11 14:55:00] 🔄 同步到Git...
From https://github.com/komelio/ating
 * branch            main       -> FETCH_HEAD
   a719497..2017fb1  main       -> origin/main
Updating a719497..2017fb1
Fast-forward
 v3-dashboard/data/analysis.json  | 2 +-
 v3-dashboard/data/history.json   | 2 +-
 v3-dashboard/data/market.json    | 2 +-
 v3-dashboard/data/news.json      | 2 +-
 v3-dashboard/data/portfolio.json | 2 +-
 v3-dashboard/data/snapshots.json | 2 +-
 v3-dashboard/data/stocks.json    | 2 +-
 v3-dashboard/index.html          | 2 +-
 8 files changed, 8 insertions(+), 8 deletions(-)
[main 71cfd74] 📊 数据刷新 2026-05-11 14:55
 3 files changed, 63 insertions(+), 63 deletions(-)
To https://github.com/komelio/ating.git
   2017fb1..71cfd74  main -> main
[2026-05-11 14:55:05] ✅ 推送完成
[2026-05-11 15:00:04] 📊 抓取数据...
[2026-05-11 15:00:05] 📝 收盘后分析...
[2026-05-11 15:00:05] 🔄 同步到Git...
From https://github.com/komelio/ating
 * branch            main       -> FETCH_HEAD
Already up to date.
[main df835fd] 📊 数据刷新 2026-05-11 15:00
 3 files changed, 30 insertions(+), 30 deletions(-)
To https://github.com/komelio/ating.git
   570acfc..df835fd  main -> main
[2026-05-11 15:00:09] ✅ 推送完成
[2026-05-11 15:05:00] 📊 抓取数据...
[2026-05-11 15:05:02] 📝 收盘后分析...
[2026-05-11 15:05:02] 🔄 同步到Git...
From https://github.com/komelio/ating
 * branch            main       -> FETCH_HEAD
   df835fd..61ab8c2  main       -> origin/main
Updating df835fd..61ab8c2
Fast-forward
 portfolio/data/index_history.json | 2 +-
 portfolio/data/indices.json       | 2 +-
 portfolio/data/news.json          | 2 +-
 portfolio/data/portfolio.json     | 2 +-
 portfolio/data/stocks.json        | 2 +-
 portfolio/data/updated.json       | 2 +-
 6 files changed, 6 insertions(+), 6 deletions(-)
[main e123f52] 📊 数据刷新 2026-05-11 15:05
 4 files changed, 27 insertions(+), 27 deletions(-)
To https://github.com/komelio/ating.git
   61ab8c2..e123f52  main -> main
[2026-05-11 15:05:06] ✅ 推送完成
[2026-05-11 15:10:00] 📊 抓取数据...
[2026-05-11 15:10:01] 📝 收盘后分析...
[2026-05-11 15:10:01] 🔄 同步到Git...
From https://github.com/komelio/ating
 * branch            main       -> FETCH_HEAD
Already up to date.
[main edf0382] 📊 数据刷新 2026-05-11 15:10
 4 files changed, 4 insertions(+), 4 deletions(-)
To https://github.com/komelio/ating.git
   e123f52..edf0382  main -> main
[2026-05-11 15:10:06] ✅ 推送完成
[2026-05-11 15:15:04] 📊 抓取数据...
[2026-05-11 15:15:06] 📝 收盘后分析...
[2026-05-11 15:15:06] 🔄 同步到Git...
From https://github.com/komelio/ating
 * branch            main       -> FETCH_HEAD
Already up to date.
[main beb594d] 📊 数据刷新 2026-05-11 15:15
 3 files changed, 3 insertions(+), 3 deletions(-)
To https://github.com/komelio/ating.git
   c977dea..beb594d  main -> main
[2026-05-11 15:15:10] ✅ 推送完成
[2026-05-11 15:20:00] 📊 抓取数据...
[2026-05-11 15:20:02] 📝 收盘后分析...
[2026-05-11 15:20:02] 🔄 同步到Git...
From https://github.com/komelio/ating
 * branch            main       -> FETCH_HEAD
Already up to date.
[main f87fb5d] 📊 数据刷新 2026-05-11 15:20
 4 files changed, 4 insertions(+), 4 deletions(-)
To https://github.com/komelio/ating.git
   beb594d..f87fb5d  main -> main
[2026-05-11 15:20:07] ✅ 推送完成
[2026-05-11 15:25:02] 📊 抓取数据...
[2026-05-11 15:25:03] 📝 收盘后分析...
[2026-05-11 15:25:04] 🔄 同步到Git...
From https://github.com/komelio/ating
 * branch            main       -> FETCH_HEAD
Current branch main is up to date.
[2026-05-11 15:25:05] ✅ 无变更
[2026-05-11 15:30:00] 📊 抓取数据...
[2026-05-11 15:30:02] 📝 收盘后分析...
[2026-05-11 15:30:02] 🔄 同步到Git...
From https://github.com/komelio/ating
 * branch            main       -> FETCH_HEAD
Already up to date.
[main c221f5b] 📊 数据刷新 2026-05-11 15:30
 5 files changed, 133 insertions(+), 21 deletions(-)
To https://github.com/komelio/ating.git
   9083aec..c221f5b  main -> main
[2026-05-11 15:30:06] ✅ 推送完成
[2026-05-11 15:35:00] 📊 抓取数据...
[2026-05-11 15:35:02] 📝 收盘后分析...
[2026-05-11 15:35:02] 🔄 同步到Git...
From https://github.com/komelio/ating
 * branch            main       -> FETCH_HEAD
Current branch main is up to date.
[main 8d293cc] 📊 数据刷新 2026-05-11 15:35
 6 files changed, 13 insertions(+), 8 deletions(-)
remote: error: GH013: Repository rule violations found for refs/heads/main.        
remote: 
remote: - GITHUB PUSH PROTECTION        
remote:   —————————————————————————————————————————        
remote:     Resolve the following violations before pushing again        
remote: 
remote:     - Push cannot contain secrets        
remote: 
remote:             
remote:      (?) Learn how to resolve a blocked push        
remote:      https://docs.github.com/code-security/secret-scanning/working-with-secret-scanning-and-push-protection/working-with-push-protection-from-the-command-line#resolving-a-blocked-push        
remote:             
remote:             
remote:       —— GitHub Personal Access Token ——————————————————————        
remote:        locations:        
remote:          - commit: b6de57161d7666e394594f2fb89d83c3babac69f        
remote:            path: stock-dashboard/fetcher/refresh.sh:8        
remote:             
remote:        (?) To push, remove secret from commit(s) or follow this URL to allow the secret.        
remote:        https://github.com/komelio/ating/security/secret-scanning/unblock-secret/3DZLQbneZSrgPUgdW0hgeq1jLxy        
remote:             
remote: 
remote: 
To https://github.com/komelio/ating.git
 ! [remote rejected] main -> main (push declined due to repository rule violations)
error: failed to push some refs to 'https://github.com/komelio/ating.git'
[2026-05-11 15:35:05] ✅ 推送完成
